<?xml version="1.0" encoding="UTF-8"?>
<testsuite xmlns:xsi="http://www.w3.org/2001/XMLSchema-instance" xsi:noNamespaceSchemaLocation="https://maven.apache.org/surefire/maven-surefire-plugin/xsd/surefire-test-report-3.0.xsd" version="3.0" name="com.bookstore.RunCucumberTest" time="0.498" tests="0" errors="0" skipped="0" failures="0">
  <properties>
    <property name="cucumber.features" value="classpath:features"/>
    <property name="java.specification.version" value="17"/>
    <property name="sun.cpu.isalist" value="amd64"/>
    <property name="sun.jnu.encoding" value="Cp1252"/>
    <property name="java.class.path" value="C:\Users\DELL\eclipse-workspace\bookstore\target\test-classes;C:\Users\DELL\eclipse-workspace\bookstore\target\classes;C:\Users\DELL\.m2\repository\software\amazon\awssdk\dynamodb\2.25.39\dynamodb-2.25.39.jar;C:\Users\DELL\.m2\repository\software\amazon\awssdk\aws-json-protocol\2.25.39\aws-json-protocol-2.25.39.jar;C:\Users\DELL\.m2\repository\software\amazon\awssdk\third-party-jackson-core\2.25.39\third-party-jackson-core-2.25.39.jar;C:\Users\DELL\.m2\repository\software\amazon\awssdk\protocol-core\2.25.39\protocol-core-2.25.39.jar;C:\Users\DELL\.m2\repository\software\amazon\awssdk\profiles\2.25.39\profiles-2.25.39.jar;C:\Users\DELL\.m2\repository\software\amazon\awssdk\http-auth-aws\2.25.39\http-auth-aws-2.25.39.jar;C:\Users\DELL\.m2\repository\software\amazon\awssdk\checksums-spi\2.25.39\checksums-spi-2.25.39.jar;C:\Users\DELL\.m2\repository\software\amazon\awssdk\checksums\2.25.39\checksums-2.25.39.jar;C:\Users\DELL\.m2\repository\software\amazon\awssdk\sdk-core\2.25.39\sdk-core-2.25.39.jar;C:\Users\DELL\.m2\repository\org\reactivestreams\reactive-streams\1.0.4\reactive-streams-1.0.4.jar;C:\Users\DELL\.m2\repository\software\amazon\awssdk\auth\2.25.39\auth-2.25.39.jar;C:\Users\DELL\.m2\repository\software\amazon\eventstream\eventstream\1.0.1\eventstream-1.0.1.jar;C:\Users\DELL\.m2\repository\software\amazon\awssdk\http-auth-spi\2.25.39\http-auth-spi-2.25.39.jar;C:\Users\DELL\.m2\repository\software\amazon\awssdk\http-auth\2.25.39\http-auth-2.25.39.jar;C:\Users\DELL\.m2\repository\software\amazon\awssdk\identity-spi\2.25.39\identity-spi-2.25.39.jar;C:\Users\DELL\.m2\repository\software\amazon\awssdk\http-client-spi\2.25.39\http-client-spi-2.25.39.jar;C:\Users\DELL\.m2\repository\software\amazon\awssdk\regions\2.25.39\regions-2.25.39.jar;C:\Users\DELL\.m2\repository\software\amazon\awssdk\annotations\2.25.39\annotations-2.25.39.jar;C:\Users\DELL\.m2\repository\software\amazon\awssdk\utils\2.25.39\utils-2.25.39.jar;C:\Users\DELL\.m2\repository\software\amazon\awssdk\aws-core\2.25.39\aws-core-2.25.39.jar;C:\Users\DELL\.m2\repository\software\amazon\awssdk\metrics-spi\2.25.39\metrics-spi-2.25.39.jar;C:\Users\DELL\.m2\repository\software\amazon\awssdk\json-utils\2.25.39\json-utils-2.25.39.jar;C:\Users\DELL\.m2\repository\software\amazon\awssdk\endpoints-spi\2.25.39\endpoints-spi-2.25.39.jar;C:\Users\DELL\.m2\repository\software\amazon\awssdk\apache-client\2.25.39\apache-client-2.25.39.jar;C:\Users\DELL\.m2\repository\org\apache\httpcomponents\httpclient\4.5.13\httpclient-4.5.13.jar;C:\Users\DELL\.m2\repository\commons-logging\commons-logging\1.2\commons-logging-1.2.jar;C:\Users\DELL\.m2\repository\org\apache\httpcomponents\httpcore\4.4.13\httpcore-4.4.13.jar;C:\Users\DELL\.m2\repository\commons-codec\commons-codec\1.15\commons-codec-1.15.jar;C:\Users\DELL\.m2\repository\software\amazon\awssdk\netty-nio-client\2.25.39\netty-nio-client-2.25.39.jar;C:\Users\DELL\.m2\repository\io\netty\netty-codec-http\4.1.108.Final\netty-codec-http-4.1.108.Final.jar;C:\Users\DELL\.m2\repository\io\netty\netty-codec-http2\4.1.108.Final\netty-codec-http2-4.1.108.Final.jar;C:\Users\DELL\.m2\repository\io\netty\netty-codec\4.1.108.Final\netty-codec-4.1.108.Final.jar;C:\Users\DELL\.m2\repository\io\netty\netty-transport\4.1.108.Final\netty-transport-4.1.108.Final.jar;C:\Users\DELL\.m2\repository\io\netty\netty-common\4.1.108.Final\netty-common-4.1.108.Final.jar;C:\Users\DELL\.m2\repository\io\netty\netty-buffer\4.1.108.Final\netty-buffer-4.1.108.Final.jar;C:\Users\DELL\.m2\repository\io\netty\netty-handler\4.1.108.Final\netty-handler-4.1.108.Final.jar;C:\Users\DELL\.m2\repository\io\netty\netty-transport-native-unix-common\4.1.108.Final\netty-transport-native-unix-common-4.1.108.Final.jar;C:\Users\DELL\.m2\repository\io\netty\netty-transport-classes-epoll\4.1.108.Final\netty-transport-classes-epoll-4.1.108.Final.jar;C:\Users\DELL\.m2\repository\io\netty\netty-resolver\4.1.108.Final\netty-resolver-4.1.108.Final.jar;C:\Users\DELL\.m2\repository\software\amazon\awssdk\dynamodb-enhanced\2.25.39\dynamodb-enhanced-2.25.39.jar;C:\Users\DELL\.m2\repository\org\slf4j\slf4j-simple\2.0.13\slf4j-simple-2.0.13.jar;C:\Users\DELL\.m2\repository\org\slf4j\slf4j-api\2.0.13\slf4j-api-2.0.13.jar;C:\Users\DELL\.m2\repository\org\junit\jupiter\junit-jupiter\5.10.2\junit-jupiter-5.10.2.jar;C:\Users\DELL\.m2\repository\org\junit\jupiter\junit-jupiter-api\5.10.2\junit-jupiter-api-5.10.2.jar;C:\Users\DELL\.m2\repository\org\junit\jupiter\junit-jupiter-params\5.10.2\junit-jupiter-params-5.10.2.jar;C:\Users\DELL\.m2\repository\org\junit\jupiter\junit-jupiter-engine\5.10.2\junit-jupiter-engine-5.10.2.jar;C:\Users\DELL\.m2\repository\io\cucumber\cucumber-java\7.22.0\cucumber-java-7.22.0.jar;C:\Users\DELL\.m2\repository\io\cucumber\cucumber-core\7.22.0\cucumber-core-7.22.0.jar;C:\Users\DELL\.m2\repository\io\cucumber\cucumber-gherkin\7.22.0\cucumber-gherkin-7.22.0.jar;C:\Users\DELL\.m2\repository\io\cucumber\cucumber-gherkin-messages\7.22.0\cucumber-gherkin-messages-7.22.0.jar;C:\Users\DELL\.m2\repository\io\cucumber\gherkin\32.1.0\gherkin-32.1.0.jar;C:\Users\DELL\.m2\repository\io\cucumber\messages\27.2.0\messages-27.2.0.jar;C:\Users\DELL\.m2\repository\io\cucumber\testng-xml-formatter\0.3.1\testng-xml-formatter-0.3.1.jar;C:\Users\DELL\.m2\repository\io\cucumber\query\13.6.0\query-13.6.0.jar;C:\Users\DELL\.m2\repository\io\cucumber\tag-expressions\6.1.2\tag-expressions-6.1.2.jar;C:\Users\DELL\.m2\repository\io\cucumber\cucumber-expressions\18.0.1\cucumber-expressions-18.0.1.jar;C:\Users\DELL\.m2\repository\io\cucumber\datatable\7.22.0\datatable-7.22.0.jar;C:\Users\DELL\.m2\repository\io\cucumber\cucumber-plugin\7.22.0\cucumber-plugin-7.22.0.jar;C:\Users\DELL\.m2\repository\io\cucumber\docstring\7.22.0\docstring-7.22.0.jar;C:\Users\DELL\.m2\repository\io\cucumber\html-formatter\21.10.0\html-formatter-21.10.0.jar;C:\Users\DELL\.m2\repository\io\cucumber\junit-xml-formatter\0.7.1\junit-xml-formatter-0.7.1.jar;C:\Users\DELL\.m2\repository\io\cucumber\ci-environment\10.0.1\ci-environment-10.0.1.jar;C:\Users\DELL\.m2\repository\org\apiguardian\apiguardian-api\1.1.2\apiguardian-api-1.1.2.jar;C:\Users\DELL\.m2\repository\io\cucumber\cucumber-junit-platform-engine\7.22.0\cucumber-junit-platform-engine-7.22.0.jar;C:\Users\DELL\.m2\repository\org\junit\platform\junit-platform-suite\1.10.2\junit-platform-suite-1.10.2.jar;C:\Users\DELL\.m2\repository\org\junit\platform\junit-platform-suite-api\1.10.2\junit-platform-suite-api-1.10.2.jar;C:\Users\DELL\.m2\repository\org\junit\platform\junit-platform-suite-engine\1.10.2\junit-platform-suite-engine-1.10.2.jar;C:\Users\DELL\.m2\repository\org\junit\platform\junit-platform-suite-commons\1.10.2\junit-platform-suite-commons-1.10.2.jar;C:\Users\DELL\.m2\repository\org\junit\platform\junit-platform-commons\1.10.2\junit-platform-commons-1.10.2.jar;C:\Users\DELL\.m2\repository\org\junit\platform\junit-platform-launcher\1.10.2\junit-platform-launcher-1.10.2.jar;C:\Users\DELL\.m2\repository\org\junit\platform\junit-platform-engine\1.10.2\junit-platform-engine-1.10.2.jar;C:\Users\DELL\.m2\repository\org\opentest4j\opentest4j\1.3.0\opentest4j-1.3.0.jar;"/>
    <property name="java.vm.vendor" value="Oracle Corporation"/>
    <property name="sun.arch.data.model" value="64"/>
    <property name="user.variant" value=""/>
    <property name="java.vendor.url" value="https://java.oracle.com/"/>
    <property name="user.timezone" value="Asia/Calcutta"/>
    <property name="os.name" value="Windows 11"/>
    <property name="java.vm.specification.version" value="17"/>
    <property name="sun.java.launcher" value="SUN_STANDARD"/>
    <property name="user.country" value="IN"/>
    <property name="sun.boot.library.path" value="C:\Program Files\Java\jdk-17\bin"/>
    <property name="sun.java.command" value="C:\Users\DELL\AppData\Local\Temp\surefire3599831804121642085\surefirebooter-20250913133509660_3.jar C:\Users\DELL\AppData\Local\Temp\surefire3599831804121642085 2025-09-13T13-35-09_395-jvmRun1 surefire-20250913133509660_1tmp surefire_0-20250913133509660_2tmp"/>
    <property name="jdk.debug" value="release"/>
    <property name="surefire.test.class.path" value="C:\Users\DELL\eclipse-workspace\bookstore\target\test-classes;C:\Users\DELL\eclipse-workspace\bookstore\target\classes;C:\Users\DELL\.m2\repository\software\amazon\awssdk\dynamodb\2.25.39\dynamodb-2.25.39.jar;C:\Users\DELL\.m2\repository\software\amazon\awssdk\aws-json-protocol\2.25.39\aws-json-protocol-2.25.39.jar;C:\Users\DELL\.m2\repository\software\amazon\awssdk\third-party-jackson-core\2.25.39\third-party-jackson-core-2.25.39.jar;C:\Users\DELL\.m2\repository\software\amazon\awssdk\protocol-core\2.25.39\protocol-core-2.25.39.jar;C:\Users\DELL\.m2\repository\software\amazon\awssdk\profiles\2.25.39\profiles-2.25.39.jar;C:\Users\DELL\.m2\repository\software\amazon\awssdk\http-auth-aws\2.25.39\http-auth-aws-2.25.39.jar;C:\Users\DELL\.m2\repository\software\amazon\awssdk\checksums-spi\2.25.39\checksums-spi-2.25.39.jar;C:\Users\DELL\.m2\repository\software\amazon\awssdk\checksums\2.25.39\checksums-2.25.39.jar;C:\Users\DELL\.m2\repository\software\amazon\awssdk\sdk-core\2.25.39\sdk-core-2.25.39.jar;C:\Users\DELL\.m2\repository\org\reactivestreams\reactive-streams\1.0.4\reactive-streams-1.0.4.jar;C:\Users\DELL\.m2\repository\software\amazon\awssdk\auth\2.25.39\auth-2.25.39.jar;C:\Users\DELL\.m2\repository\software\amazon\eventstream\eventstream\1.0.1\eventstream-1.0.1.jar;C:\Users\DELL\.m2\repository\software\amazon\awssdk\http-auth-spi\2.25.39\http-auth-spi-2.25.39.jar;C:\Users\DELL\.m2\repository\software\amazon\awssdk\http-auth\2.25.39\http-auth-2.25.39.jar;C:\Users\DELL\.m2\repository\software\amazon\awssdk\identity-spi\2.25.39\identity-spi-2.25.39.jar;C:\Users\DELL\.m2\repository\software\amazon\awssdk\http-client-spi\2.25.39\http-client-spi-2.25.39.jar;C:\Users\DELL\.m2\repository\software\amazon\awssdk\regions\2.25.39\regions-2.25.39.jar;C:\Users\DELL\.m2\repository\software\amazon\awssdk\annotations\2.25.39\annotations-2.25.39.jar;C:\Users\DELL\.m2\repository\software\amazon\awssdk\utils\2.25.39\utils-2.25.39.jar;C:\Users\DELL\.m2\repository\software\amazon\awssdk\aws-core\2.25.39\aws-core-2.25.39.jar;C:\Users\DELL\.m2\repository\software\amazon\awssdk\metrics-spi\2.25.39\metrics-spi-2.25.39.jar;C:\Users\DELL\.m2\repository\software\amazon\awssdk\json-utils\2.25.39\json-utils-2.25.39.jar;C:\Users\DELL\.m2\repository\software\amazon\awssdk\endpoints-spi\2.25.39\endpoints-spi-2.25.39.jar;C:\Users\DELL\.m2\repository\software\amazon\awssdk\apache-client\2.25.39\apache-client-2.25.39.jar;C:\Users\DELL\.m2\repository\org\apache\httpcomponents\httpclient\4.5.13\httpclient-4.5.13.jar;C:\Users\DELL\.m2\repository\commons-logging\commons-logging\1.2\commons-logging-1.2.jar;C:\Users\DELL\.m2\repository\org\apache\httpcomponents\httpcore\4.4.13\httpcore-4.4.13.jar;C:\Users\DELL\.m2\repository\commons-codec\commons-codec\1.15\commons-codec-1.15.jar;C:\Users\DELL\.m2\repository\software\amazon\awssdk\netty-nio-client\2.25.39\netty-nio-client-2.25.39.jar;C:\Users\DELL\.m2\repository\io\netty\netty-codec-http\4.1.108.Final\netty-codec-http-4.1.108.Final.jar;C:\Users\DELL\.m2\repository\io\netty\netty-codec-http2\4.1.108.Final\netty-codec-http2-4.1.108.Final.jar;C:\Users\DELL\.m2\repository\io\netty\netty-codec\4.1.108.Final\netty-codec-4.1.108.Final.jar;C:\Users\DELL\.m2\repository\io\netty\netty-transport\4.1.108.Final\netty-transport-4.1.108.Final.jar;C:\Users\DELL\.m2\repository\io\netty\netty-common\4.1.108.Final\netty-common-4.1.108.Final.jar;C:\Users\DELL\.m2\repository\io\netty\netty-buffer\4.1.108.Final\netty-buffer-4.1.108.Final.jar;C:\Users\DELL\.m2\repository\io\netty\netty-handler\4.1.108.Final\netty-handler-4.1.108.Final.jar;C:\Users\DELL\.m2\repository\io\netty\netty-transport-native-unix-common\4.1.108.Final\netty-transport-native-unix-common-4.1.108.Final.jar;C:\Users\DELL\.m2\repository\io\netty\netty-transport-classes-epoll\4.1.108.Final\netty-transport-classes-epoll-4.1.108.Final.jar;C:\Users\DELL\.m2\repository\io\netty\netty-resolver\4.1.108.Final\netty-resolver-4.1.108.Final.jar;C:\Users\DELL\.m2\repository\software\amazon\awssdk\dynamodb-enhanced\2.25.39\dynamodb-enhanced-2.25.39.jar;C:\Users\DELL\.m2\repository\org\slf4j\slf4j-simple\2.0.13\slf4j-simple-2.0.13.jar;C:\Users\DELL\.m2\repository\org\slf4j\slf4j-api\2.0.13\slf4j-api-2.0.13.jar;C:\Users\DELL\.m2\repository\org\junit\jupiter\junit-jupiter\5.10.2\junit-jupiter-5.10.2.jar;C:\Users\DELL\.m2\repository\org\junit\jupiter\junit-jupiter-api\5.10.2\junit-jupiter-api-5.10.2.jar;C:\Users\DELL\.m2\repository\org\junit\jupiter\junit-jupiter-params\5.10.2\junit-jupiter-params-5.10.2.jar;C:\Users\DELL\.m2\repository\org\junit\jupiter\junit-jupiter-engine\5.10.2\junit-jupiter-engine-5.10.2.jar;C:\Users\DELL\.m2\repository\io\cucumber\cucumber-java\7.22.0\cucumber-java-7.22.0.jar;C:\Users\DELL\.m2\repository\io\cucumber\cucumber-core\7.22.0\cucumber-core-7.22.0.jar;C:\Users\DELL\.m2\repository\io\cucumber\cucumber-gherkin\7.22.0\cucumber-gherkin-7.22.0.jar;C:\Users\DELL\.m2\repository\io\cucumber\cucumber-gherkin-messages\7.22.0\cucumber-gherkin-messages-7.22.0.jar;C:\Users\DELL\.m2\repository\io\cucumber\gherkin\32.1.0\gherkin-32.1.0.jar;C:\Users\DELL\.m2\repository\io\cucumber\messages\27.2.0\messages-27.2.0.jar;C:\Users\DELL\.m2\repository\io\cucumber\testng-xml-formatter\0.3.1\testng-xml-formatter-0.3.1.jar;C:\Users\DELL\.m2\repository\io\cucumber\query\13.6.0\query-13.6.0.jar;C:\Users\DELL\.m2\repository\io\cucumber\tag-expressions\6.1.2\tag-expressions-6.1.2.jar;C:\Users\DELL\.m2\repository\io\cucumber\cucumber-expressions\18.0.1\cucumber-expressions-18.0.1.jar;C:\Users\DELL\.m2\repository\io\cucumber\datatable\7.22.0\datatable-7.22.0.jar;C:\Users\DELL\.m2\repository\io\cucumber\cucumber-plugin\7.22.0\cucumber-plugin-7.22.0.jar;C:\Users\DELL\.m2\repository\io\cucumber\docstring\7.22.0\docstring-7.22.0.jar;C:\Users\DELL\.m2\repository\io\cucumber\html-formatter\21.10.0\html-formatter-21.10.0.jar;C:\Users\DELL\.m2\repository\io\cucumber\junit-xml-formatter\0.7.1\junit-xml-formatter-0.7.1.jar;C:\Users\DELL\.m2\repository\io\cucumber\ci-environment\10.0.1\ci-environment-10.0.1.jar;C:\Users\DELL\.m2\repository\org\apiguardian\apiguardian-api\1.1.2\apiguardian-api-1.1.2.jar;C:\Users\DELL\.m2\repository\io\cucumber\cucumber-junit-platform-engine\7.22.0\cucumber-junit-platform-engine-7.22.0.jar;C:\Users\DELL\.m2\repository\org\junit\platform\junit-platform-suite\1.10.2\junit-platform-suite-1.10.2.jar;C:\Users\DELL\.m2\repository\org\junit\platform\junit-platform-suite-api\1.10.2\junit-platform-suite-api-1.10.2.jar;C:\Users\DELL\.m2\repository\org\junit\platform\junit-platform-suite-engine\1.10.2\junit-platform-suite-engine-1.10.2.jar;C:\Users\DELL\.m2\repository\org\junit\platform\junit-platform-suite-commons\1.10.2\junit-platform-suite-commons-1.10.2.jar;C:\Users\DELL\.m2\repository\org\junit\platform\junit-platform-commons\1.10.2\junit-platform-commons-1.10.2.jar;C:\Users\DELL\.m2\repository\org\junit\platform\junit-platform-launcher\1.10.2\junit-platform-launcher-1.10.2.jar;C:\Users\DELL\.m2\repository\org\junit\platform\junit-platform-engine\1.10.2\junit-platform-engine-1.10.2.jar;C:\Users\DELL\.m2\repository\org\opentest4j\opentest4j\1.3.0\opentest4j-1.3.0.jar;"/>
    <property name="sun.cpu.endian" value="little"/>
    <property name="user.home" value="C:\Users\DELL"/>
    <property name="user.language" value="en"/>
    <property name="java.specification.vendor" value="Oracle Corporation"/>
    <property name="java.version.date" value="2024-07-16"/>
    <property name="java.home" value="C:\Program Files\Java\jdk-17"/>
    <property name="file.separator" value="\"/>
    <property name="basedir" value="C:\Users\DELL\eclipse-workspace\bookstore"/>
    <property name="java.vm.compressedOopsMode" value="32-bit"/>
    <property name="line.separator" value="&#10;"/>
    <property name="java.vm.specification.vendor" value="Oracle Corporation"/>
    <property name="java.specification.name" value="Java Platform API Specification"/>
    <property name="cucumber.execution.monochrome" value="true"/>
    <property name="surefire.real.class.path" value="C:\Users\DELL\AppData\Local\Temp\surefire3599831804121642085\surefirebooter-20250913133509660_3.jar"/>
    <property name="user.script" value=""/>
    <property name="sun.management.compiler" value="HotSpot 64-Bit Tiered Compilers"/>
    <property name="java.runtime.version" value="17.0.12+8-LTS-286"/>
    <property name="user.name" value="DELL"/>
    <property name="path.separator" value=";"/>
    <property name="os.version" value="10.0"/>
    <property name="java.runtime.name" value="Java(TM) SE Runtime Environment"/>
    <property name="file.encoding" value="Cp1252"/>
    <property name="java.vm.name" value="Java HotSpot(TM) 64-Bit Server VM"/>
    <property name="localRepository" value="C:\Users\DELL\.m2\repository"/>
    <property name="java.vendor.url.bug" value="https://bugreport.java.com/bugreport/"/>
    <property name="java.io.tmpdir" value="C:\Users\DELL\AppData\Local\Temp\"/>
    <property name="java.version" value="17.0.12"/>
    <property name="user.dir" value="C:\Users\DELL\eclipse-workspace\bookstore"/>
    <property name="os.arch" value="amd64"/>
    <property name="java.vm.specification.name" value="Java Virtual Machine Specification"/>
    <property name="sun.os.patch.level" value=""/>
    <property name="native.encoding" value="Cp1252"/>
    <property name="java.library.path" value="C:\Program Files\Java\jdk-17\bin;C:\WINDOWS\Sun\Java\bin;C:\WINDOWS\system32;C:\WINDOWS;C:\WINDOWS\system32;C:\WINDOWS;C:\WINDOWS\System32\Wbem;C:\WINDOWS\System32\WindowsPowerShell\v1.0\;C:\WINDOWS\System32\OpenSSH\;C:\Program Files\Common Files\Oracle\Java\javapath;C:\Program Files\Java\jdk-15.0.1\bin;C:\Program Files\dotnet\;C:\Program Files\Amazon\AWSCLIV2\;C:\Program Files\Microsoft SQL Server\150\Tools\Binn\;C:\WINDOWS\system32;C:\WINDOWS;C:\WINDOWS\System32\Wbem;C:\WINDOWS\System32\WindowsPowerShell\v1.0\;C:\WINDOWS\System32\OpenSSH\;C:\Program Files\MySQL\MySQL Server 8.0\bin;C:\Program Files\MongoDB\Server\8.0\bin;C:\Users\DELL\Downloads\mongosh-2.5.1-win32-x64\mongosh-2.5.1-win32-x64\bin;C:\Program Files\Git\cmd;C:\Program Files\apache-maven-3.9.11-bin\apache-maven-3.9.11\bin;C:\Program Files\MySQL\MySQL Shell 8.0\bin\;C:\Users\DELL\AppData\Local\Programs\Python\Python39\Scripts\;C:\Users\DELL\AppData\Local\Programs\Python\Python39\;C:\Program Files\Java\jdk-15.0.1\bin;C:\Users\DELL\AppData\Local\Microsoft\WindowsApps;C:\ProgramData\DELL\atom\bin;C:\Users\DELL\AppData\Local\atom\bin;C:\Users\DELL\AppData\Local\Programs\Microsoft VS Code\bin;C:\Users\DELL\AppData\Local\Microsoft\WindowsApps;C:\Program Files\MongoDB\Server\8.0\bin;C:\Users\DELL\Downloads\mongosh-2.5.1-win32-x64\mongosh-2.5.1-win32-x64\bin;;."/>
    <property name="java.vm.info" value="mixed mode, sharing"/>
    <property name="java.vendor" value="Oracle Corporation"/>
    <property name="java.vm.version" value="17.0.12+8-LTS-286"/>
    <property name="cucumber.glue" value="com.bookstore"/>
    <property name="sun.io.unicode.encoding" value="UnicodeLittle"/>
    <property name="java.class.version" value="61.0"/>
  </properties>
</testsuite>